[11:40:34.293] Global cache location '/home/andyyu2004/snap/emacs/common/.cache/typescript/3.7', safe file path '/home/andyyu2004/programming/javascript/gift-wizard/server/node_modules/typescript/lib/typingSafeList.json', types map path /home/andyyu2004/programming/javascript/gift-wizard/server/node_modules/typescript/lib/typesMap.json
[11:40:34.294] Processing cache location '/home/andyyu2004/snap/emacs/common/.cache/typescript/3.7'
[11:40:34.294] Trying to find '/home/andyyu2004/snap/emacs/common/.cache/typescript/3.7/package.json'...
[11:40:34.294] Loaded content of '/home/andyyu2004/snap/emacs/common/.cache/typescript/3.7/package.json': {"private":true,"dependencies":{"types-registry":"^0.1.467"},"devDependencies":{"@types/atob":"^2.1.2","@types/bcrypt":"^3.0.0","@types/body-parser":"^1.17.1","@types/bson":"^4.0.1","@types/bytes":"^3.1.0","@types/concurrently":"^4.1.0","@types/content-type":"^1.1.3","@types/cors":"^2.8.6","@types/debug":"^4.1.5","@types/depd":"^1.1.32","@types/express":"^4.17.2","@types/express-session":"^1.15.16","@types/http-errors":"^1.6.3","@types/jsonwebtoken":"^8.3.5","@types/merge-descriptors":"^1.0.1","@types/mongodb":"^3.3.11","@types/mongoose":"^5.5.32","@types/node":"^12.12.14","@types/nodemon":"^1.19.0","@types/qs":"^6.9.0","@types/serve-static":"^1.13.3","@types/sprintf":"^0.1.0","@types/type-is":"^1.6.3"}}
[11:40:34.294] Loaded content of '/home/andyyu2004/snap/emacs/common/.cache/typescript/3.7/package-lock.json'
[11:40:34.300] Adding entry into typings cache: 'atob' => '/home/andyyu2004/snap/emacs/common/.cache/typescript/3.7/node_modules/@types/atob/index.d.ts'
[11:40:34.302] Adding entry into typings cache: 'bcrypt' => '/home/andyyu2004/snap/emacs/common/.cache/typescript/3.7/node_modules/@types/bcrypt/index.d.ts'
[11:40:34.304] Adding entry into typings cache: 'body-parser' => '/home/andyyu2004/snap/emacs/common/.cache/typescript/3.7/node_modules/@types/body-parser/index.d.ts'
[11:40:34.305] Adding entry into typings cache: 'bson' => '/home/andyyu2004/snap/emacs/common/.cache/typescript/3.7/node_modules/@types/bson/index.d.ts'
[11:40:34.308] Adding entry into typings cache: 'bytes' => '/home/andyyu2004/snap/emacs/common/.cache/typescript/3.7/node_modules/@types/bytes/index.d.ts'
[11:40:34.309] Adding entry into typings cache: 'concurrently' => '/home/andyyu2004/snap/emacs/common/.cache/typescript/3.7/node_modules/@types/concurrently/index.d.ts'
[11:40:34.311] Adding entry into typings cache: 'content-type' => '/home/andyyu2004/snap/emacs/common/.cache/typescript/3.7/node_modules/@types/content-type/index.d.ts'
[11:40:34.312] Adding entry into typings cache: 'cors' => '/home/andyyu2004/snap/emacs/common/.cache/typescript/3.7/node_modules/@types/cors/index.d.ts'
[11:40:34.314] Adding entry into typings cache: 'debug' => '/home/andyyu2004/snap/emacs/common/.cache/typescript/3.7/node_modules/@types/debug/index.d.ts'
[11:40:34.316] Adding entry into typings cache: 'depd' => '/home/andyyu2004/snap/emacs/common/.cache/typescript/3.7/node_modules/@types/depd/index.d.ts'
[11:40:34.318] Adding entry into typings cache: 'express' => '/home/andyyu2004/snap/emacs/common/.cache/typescript/3.7/node_modules/@types/express/index.d.ts'
[11:40:34.321] Adding entry into typings cache: 'express-session' => '/home/andyyu2004/snap/emacs/common/.cache/typescript/3.7/node_modules/@types/express-session/index.d.ts'
[11:40:34.323] Adding entry into typings cache: 'http-errors' => '/home/andyyu2004/snap/emacs/common/.cache/typescript/3.7/node_modules/@types/http-errors/index.d.ts'
[11:40:34.324] Adding entry into typings cache: 'jsonwebtoken' => '/home/andyyu2004/snap/emacs/common/.cache/typescript/3.7/node_modules/@types/jsonwebtoken/index.d.ts'
[11:40:34.325] Adding entry into typings cache: 'merge-descriptors' => '/home/andyyu2004/snap/emacs/common/.cache/typescript/3.7/node_modules/@types/merge-descriptors/index.d.ts'
[11:40:34.327] Adding entry into typings cache: 'mongodb' => '/home/andyyu2004/snap/emacs/common/.cache/typescript/3.7/node_modules/@types/mongodb/index.d.ts'
[11:40:34.331] Adding entry into typings cache: 'mongoose' => '/home/andyyu2004/snap/emacs/common/.cache/typescript/3.7/node_modules/@types/mongoose/index.d.ts'
[11:40:34.336] Adding entry into typings cache: 'node' => '/home/andyyu2004/snap/emacs/common/.cache/typescript/3.7/node_modules/@types/node/ts3.2/index.d.ts'
[11:40:34.337] Adding entry into typings cache: 'nodemon' => '/home/andyyu2004/snap/emacs/common/.cache/typescript/3.7/node_modules/@types/nodemon/index.d.ts'
[11:40:34.338] Adding entry into typings cache: 'qs' => '/home/andyyu2004/snap/emacs/common/.cache/typescript/3.7/node_modules/@types/qs/index.d.ts'
[11:40:34.339] Adding entry into typings cache: 'serve-static' => '/home/andyyu2004/snap/emacs/common/.cache/typescript/3.7/node_modules/@types/serve-static/index.d.ts'
[11:40:34.340] Adding entry into typings cache: 'sprintf' => '/home/andyyu2004/snap/emacs/common/.cache/typescript/3.7/node_modules/@types/sprintf/index.d.ts'
[11:40:34.341] Adding entry into typings cache: 'type-is' => '/home/andyyu2004/snap/emacs/common/.cache/typescript/3.7/node_modules/@types/type-is/index.d.ts'
[11:40:34.341] Finished processing cache location '/home/andyyu2004/snap/emacs/common/.cache/typescript/3.7'
[11:40:34.341] Process id: 19545
[11:40:34.341] NPM location: /usr/bin/npm (explicit '--npmLocation' not  provided)
[11:40:34.341] validateDefaultNpmLocation: false
[11:40:34.341] Npm config file: /home/andyyu2004/snap/emacs/common/.cache/typescript/3.7/package.json
[11:40:34.341] Updating types-registry npm package...
[11:40:34.341] Exec: /usr/bin/npm install --ignore-scripts types-registry@latest
[11:40:35.161]     Succeeded. stdout:
    + types-registry@0.1.467
    updated 1 package and audited 84 packages in 0.533s
found 0 vulnerabilities


[11:40:35.161] Updated types-registry npm package
