[19:55:32.881] Global cache location '/home/andyyu2004/snap/emacs/common/.cache/typescript/3.7', safe file path '/home/andyyu2004/programming/javascript/gift-wizard/server/node_modules/typescript/lib/typingSafeList.json', types map path /home/andyyu2004/programming/javascript/gift-wizard/server/node_modules/typescript/lib/typesMap.json
[19:55:32.882] Processing cache location '/home/andyyu2004/snap/emacs/common/.cache/typescript/3.7'
[19:55:32.882] Trying to find '/home/andyyu2004/snap/emacs/common/.cache/typescript/3.7/package.json'...
[19:55:32.887] Loaded content of '/home/andyyu2004/snap/emacs/common/.cache/typescript/3.7/package.json': {"private":true,"dependencies":{"types-registry":"^0.1.467"},"devDependencies":{"@types/atob":"^2.1.2","@types/bcrypt":"^3.0.0","@types/body-parser":"^1.17.1","@types/bson":"^4.0.1","@types/bytes":"^3.1.0","@types/concurrently":"^4.1.0","@types/content-type":"^1.1.3","@types/cors":"^2.8.6","@types/debug":"^4.1.5","@types/depd":"^1.1.32","@types/express":"^4.17.2","@types/express-session":"^1.15.16","@types/http-errors":"^1.6.3","@types/jsonwebtoken":"^8.3.5","@types/merge-descriptors":"^1.0.1","@types/mongodb":"^3.3.11","@types/mongoose":"^5.5.32","@types/node":"^12.12.14","@types/nodemon":"^1.19.0","@types/qs":"^6.9.0","@types/serve-static":"^1.13.3","@types/sprintf":"^0.1.0","@types/type-is":"^1.6.3"}}
[19:55:32.887] Loaded content of '/home/andyyu2004/snap/emacs/common/.cache/typescript/3.7/package-lock.json'
[19:55:32.894] Adding entry into typings cache: 'atob' => '/home/andyyu2004/snap/emacs/common/.cache/typescript/3.7/node_modules/@types/atob/index.d.ts'
[19:55:32.897] Adding entry into typings cache: 'bcrypt' => '/home/andyyu2004/snap/emacs/common/.cache/typescript/3.7/node_modules/@types/bcrypt/index.d.ts'
[19:55:32.901] Adding entry into typings cache: 'body-parser' => '/home/andyyu2004/snap/emacs/common/.cache/typescript/3.7/node_modules/@types/body-parser/index.d.ts'
[19:55:32.905] Adding entry into typings cache: 'bson' => '/home/andyyu2004/snap/emacs/common/.cache/typescript/3.7/node_modules/@types/bson/index.d.ts'
[19:55:32.908] Adding entry into typings cache: 'bytes' => '/home/andyyu2004/snap/emacs/common/.cache/typescript/3.7/node_modules/@types/bytes/index.d.ts'
[19:55:32.911] Adding entry into typings cache: 'concurrently' => '/home/andyyu2004/snap/emacs/common/.cache/typescript/3.7/node_modules/@types/concurrently/index.d.ts'
[19:55:32.914] Adding entry into typings cache: 'content-type' => '/home/andyyu2004/snap/emacs/common/.cache/typescript/3.7/node_modules/@types/content-type/index.d.ts'
[19:55:32.915] Adding entry into typings cache: 'cors' => '/home/andyyu2004/snap/emacs/common/.cache/typescript/3.7/node_modules/@types/cors/index.d.ts'
[19:55:32.917] Adding entry into typings cache: 'debug' => '/home/andyyu2004/snap/emacs/common/.cache/typescript/3.7/node_modules/@types/debug/index.d.ts'
[19:55:32.920] Adding entry into typings cache: 'depd' => '/home/andyyu2004/snap/emacs/common/.cache/typescript/3.7/node_modules/@types/depd/index.d.ts'
[19:55:32.923] Adding entry into typings cache: 'express' => '/home/andyyu2004/snap/emacs/common/.cache/typescript/3.7/node_modules/@types/express/index.d.ts'
[19:55:32.925] Adding entry into typings cache: 'express-session' => '/home/andyyu2004/snap/emacs/common/.cache/typescript/3.7/node_modules/@types/express-session/index.d.ts'
[19:55:32.927] Adding entry into typings cache: 'http-errors' => '/home/andyyu2004/snap/emacs/common/.cache/typescript/3.7/node_modules/@types/http-errors/index.d.ts'
[19:55:32.929] Adding entry into typings cache: 'jsonwebtoken' => '/home/andyyu2004/snap/emacs/common/.cache/typescript/3.7/node_modules/@types/jsonwebtoken/index.d.ts'
[19:55:32.930] Adding entry into typings cache: 'merge-descriptors' => '/home/andyyu2004/snap/emacs/common/.cache/typescript/3.7/node_modules/@types/merge-descriptors/index.d.ts'
[19:55:32.934] Adding entry into typings cache: 'mongodb' => '/home/andyyu2004/snap/emacs/common/.cache/typescript/3.7/node_modules/@types/mongodb/index.d.ts'
[19:55:32.937] Adding entry into typings cache: 'mongoose' => '/home/andyyu2004/snap/emacs/common/.cache/typescript/3.7/node_modules/@types/mongoose/index.d.ts'
[19:55:32.943] Adding entry into typings cache: 'node' => '/home/andyyu2004/snap/emacs/common/.cache/typescript/3.7/node_modules/@types/node/ts3.2/index.d.ts'
[19:55:32.944] Adding entry into typings cache: 'nodemon' => '/home/andyyu2004/snap/emacs/common/.cache/typescript/3.7/node_modules/@types/nodemon/index.d.ts'
[19:55:32.945] Adding entry into typings cache: 'qs' => '/home/andyyu2004/snap/emacs/common/.cache/typescript/3.7/node_modules/@types/qs/index.d.ts'
[19:55:32.947] Adding entry into typings cache: 'serve-static' => '/home/andyyu2004/snap/emacs/common/.cache/typescript/3.7/node_modules/@types/serve-static/index.d.ts'
[19:55:32.948] Adding entry into typings cache: 'sprintf' => '/home/andyyu2004/snap/emacs/common/.cache/typescript/3.7/node_modules/@types/sprintf/index.d.ts'
[19:55:32.950] Adding entry into typings cache: 'type-is' => '/home/andyyu2004/snap/emacs/common/.cache/typescript/3.7/node_modules/@types/type-is/index.d.ts'
[19:55:32.950] Finished processing cache location '/home/andyyu2004/snap/emacs/common/.cache/typescript/3.7'
[19:55:32.950] Process id: 11534
[19:55:32.950] NPM location: /usr/bin/npm (explicit '--npmLocation' not  provided)
[19:55:32.950] validateDefaultNpmLocation: false
[19:55:32.950] Npm config file: /home/andyyu2004/snap/emacs/common/.cache/typescript/3.7/package.json
[19:55:32.950] Updating types-registry npm package...
[19:55:32.950] Exec: /usr/bin/npm install --ignore-scripts types-registry@latest
[19:55:33.885]     Succeeded. stdout:
    + types-registry@0.1.467
    updated 1 package and audited 84 packages in 0.64s
found 0 vulnerabilities


[19:55:33.885] Updated types-registry npm package
