[20:44:9.201] Global cache location '/home/andyyu2004/snap/emacs/common/.cache/typescript/3.7', safe file path '/home/andyyu2004/programming/javascript/gift-wizard/server/node_modules/typescript/lib/typingSafeList.json', types map path /home/andyyu2004/programming/javascript/gift-wizard/server/node_modules/typescript/lib/typesMap.json
[20:44:9.201] Processing cache location '/home/andyyu2004/snap/emacs/common/.cache/typescript/3.7'
[20:44:9.201] Trying to find '/home/andyyu2004/snap/emacs/common/.cache/typescript/3.7/package.json'...
[20:44:9.205] Loaded content of '/home/andyyu2004/snap/emacs/common/.cache/typescript/3.7/package.json': {"private":true,"dependencies":{"types-registry":"^0.1.466"},"devDependencies":{"@types/body-parser":"^1.17.1","@types/bson":"^4.0.1","@types/bytes":"^3.1.0","@types/content-type":"^1.1.3","@types/debug":"^4.1.5","@types/depd":"^1.1.32","@types/express":"^4.17.2","@types/http-errors":"^1.6.3","@types/merge-descriptors":"^1.0.1","@types/mongodb":"^3.3.11","@types/mongoose":"^5.5.32","@types/node":"^12.12.14","@types/qs":"^6.9.0","@types/serve-static":"^1.13.3","@types/type-is":"^1.6.3"}}
[20:44:9.205] Loaded content of '/home/andyyu2004/snap/emacs/common/.cache/typescript/3.7/package-lock.json'
[20:44:9.212] Adding entry into typings cache: 'body-parser' => '/home/andyyu2004/snap/emacs/common/.cache/typescript/3.7/node_modules/@types/body-parser/index.d.ts'
[20:44:9.214] Adding entry into typings cache: 'bson' => '/home/andyyu2004/snap/emacs/common/.cache/typescript/3.7/node_modules/@types/bson/index.d.ts'
[20:44:9.216] Adding entry into typings cache: 'bytes' => '/home/andyyu2004/snap/emacs/common/.cache/typescript/3.7/node_modules/@types/bytes/index.d.ts'
[20:44:9.218] Adding entry into typings cache: 'content-type' => '/home/andyyu2004/snap/emacs/common/.cache/typescript/3.7/node_modules/@types/content-type/index.d.ts'
[20:44:9.221] Adding entry into typings cache: 'debug' => '/home/andyyu2004/snap/emacs/common/.cache/typescript/3.7/node_modules/@types/debug/index.d.ts'
[20:44:9.223] Adding entry into typings cache: 'depd' => '/home/andyyu2004/snap/emacs/common/.cache/typescript/3.7/node_modules/@types/depd/index.d.ts'
[20:44:9.224] Adding entry into typings cache: 'express' => '/home/andyyu2004/snap/emacs/common/.cache/typescript/3.7/node_modules/@types/express/index.d.ts'
[20:44:9.226] Adding entry into typings cache: 'http-errors' => '/home/andyyu2004/snap/emacs/common/.cache/typescript/3.7/node_modules/@types/http-errors/index.d.ts'
[20:44:9.228] Adding entry into typings cache: 'merge-descriptors' => '/home/andyyu2004/snap/emacs/common/.cache/typescript/3.7/node_modules/@types/merge-descriptors/index.d.ts'
[20:44:9.232] Adding entry into typings cache: 'mongodb' => '/home/andyyu2004/snap/emacs/common/.cache/typescript/3.7/node_modules/@types/mongodb/index.d.ts'
[20:44:9.235] Adding entry into typings cache: 'mongoose' => '/home/andyyu2004/snap/emacs/common/.cache/typescript/3.7/node_modules/@types/mongoose/index.d.ts'
[20:44:9.239] Adding entry into typings cache: 'node' => '/home/andyyu2004/snap/emacs/common/.cache/typescript/3.7/node_modules/@types/node/ts3.2/index.d.ts'
[20:44:9.241] Adding entry into typings cache: 'qs' => '/home/andyyu2004/snap/emacs/common/.cache/typescript/3.7/node_modules/@types/qs/index.d.ts'
[20:44:9.243] Adding entry into typings cache: 'serve-static' => '/home/andyyu2004/snap/emacs/common/.cache/typescript/3.7/node_modules/@types/serve-static/index.d.ts'
[20:44:9.244] Adding entry into typings cache: 'type-is' => '/home/andyyu2004/snap/emacs/common/.cache/typescript/3.7/node_modules/@types/type-is/index.d.ts'
[20:44:9.244] Finished processing cache location '/home/andyyu2004/snap/emacs/common/.cache/typescript/3.7'
[20:44:9.244] Process id: 30050
[20:44:9.244] NPM location: /usr/bin/npm (explicit '--npmLocation' not  provided)
[20:44:9.244] validateDefaultNpmLocation: false
[20:44:9.244] Npm config file: /home/andyyu2004/snap/emacs/common/.cache/typescript/3.7/package.json
[20:44:9.244] Updating types-registry npm package...
[20:44:9.245] Exec: /usr/bin/npm install --ignore-scripts types-registry@latest
[20:44:10.80]     Succeeded. stdout:
    + types-registry@0.1.467
    updated 1 package and audited 46 packages in 0.56s
found 0 vulnerabilities


[20:44:10.80] Updated types-registry npm package
