Info 0    [20:44:9.76] Starting TS Server
Info 1    [20:44:9.77] Version: 3.7.2
Info 2    [20:44:9.77] Arguments: /usr/bin/node /home/andyyu2004/programming/javascript/gift-wizard/server/node_modules/.bin/tsserver --logFile /home/andyyu2004/programming/javascript/gift-wizard/server/.log/tsserver.log --logVerbosity info --cancellationPipeName /tmp/da12aa6aa1181dc4b39558f55423977e/tscancellation*
Info 3    [20:44:9.77] Platform: linux NodeVersion: 12 CaseSensitive: true
Info 4    [20:44:10.203] Search path: /home/andyyu2004/programming/javascript/gift-wizard/server
Info 5    [20:44:10.203] For info: /home/andyyu2004/programming/javascript/gift-wizard/server/server.ts :: Config file name: /home/andyyu2004/programming/javascript/gift-wizard/server/tsconfig.json
Info 6    [20:44:10.203] Opened configuration file /home/andyyu2004/programming/javascript/gift-wizard/server/tsconfig.json
Info 7    [20:44:10.219] Config: /home/andyyu2004/programming/javascript/gift-wizard/server/tsconfig.json : {
 "rootNames": [
  "/home/andyyu2004/programming/javascript/gift-wizard/server/server.ts",
  "/home/andyyu2004/programming/javascript/gift-wizard/server/controllers/questionnaire.ts",
  "/home/andyyu2004/programming/javascript/gift-wizard/server/controllers/user.ts",
  "/home/andyyu2004/programming/javascript/gift-wizard/server/models/index.ts",
  "/home/andyyu2004/programming/javascript/gift-wizard/server/models/questionnaire.ts",
  "/home/andyyu2004/programming/javascript/gift-wizard/server/models/user.ts",
  "/home/andyyu2004/programming/javascript/gift-wizard/server/routes/api.ts",
  "/home/andyyu2004/programming/javascript/gift-wizard/server/routes/protected.ts"
 ],
 "options": {
  "target": 1,
  "module": 1,
  "allowJs": true,
  "checkJs": true,
  "sourceMap": true,
  "outDir": "/home/andyyu2004/programming/javascript/gift-wizard/server/dist",
  "composite": true,
  "strict": true,
  "strictNullChecks": true,
  "alwaysStrict": true,
  "esModuleInterop": true,
  "forceConsistentCasingInFileNames": true,
  "configFilePath": "/home/andyyu2004/programming/javascript/gift-wizard/server/tsconfig.json"
 },
 "projectReferences": [
  {
   "path": "/home/andyyu2004/programming/javascript/gift-wizard/shared",
   "originalPath": "../shared"
  }
 ]
}
Info 8    [20:44:10.517] Starting updateGraphWorker: Project: /home/andyyu2004/programming/javascript/gift-wizard/server/tsconfig.json
Info 9    [20:44:11.439] Finishing updateGraphWorker: Project: /home/andyyu2004/programming/javascript/gift-wizard/server/tsconfig.json Version: 1 structureChanged: true Elapsed: 921ms
Info 10   [20:44:11.439] Project '/home/andyyu2004/programming/javascript/gift-wizard/server/tsconfig.json' (Configured) 
Info 11   [20:44:11.439] 	Files (102)

Info 12   [20:44:11.439] -----------------------------------------------
Err 13    [20:44:13.602] Exception on executing command {"command":"getCodeFixes","seq":15,"type":"request","arguments":{"file":"/home/andyyu2004/programming/javascript/gift-wizard/server/server.ts","startLine":33,"startOffset":1,"endLine":33,"endOffset":1,"errorCodes":[6133]}}:

    Debug Failure.

    Error: Debug Failure.
        at Object.assertDefined (/home/andyyu2004/programming/javascript/gift-wizard/server/node_modules/typescript/lib/tsserver.js:2004:24)
        at deleteNodeInList (/home/andyyu2004/programming/javascript/gift-wizard/server/node_modules/typescript/lib/tsserver.js:120301:43)
        at Object.deleteDeclaration (/home/andyyu2004/programming/javascript/gift-wizard/server/node_modules/typescript/lib/tsserver.js:120220:29)
        at _loop_9 (/home/andyyu2004/programming/javascript/gift-wizard/server/node_modules/typescript/lib/tsserver.js:119770:47)
        at ChangeTracker.finishDeleteDeclarations (/home/andyyu2004/programming/javascript/gift-wizard/server/node_modules/typescript/lib/tsserver.js:119777:21)
        at ChangeTracker.getChanges (/home/andyyu2004/programming/javascript/gift-wizard/server/node_modules/typescript/lib/tsserver.js:119797:22)
        at Function.ChangeTracker.with (/home/andyyu2004/programming/javascript/gift-wizard/server/node_modules/typescript/lib/tsserver.js:119321:32)
        at Object.getCodeActions (/home/andyyu2004/programming/javascript/gift-wizard/server/node_modules/typescript/lib/tsserver.js:124820:69)
        at /home/andyyu2004/programming/javascript/gift-wizard/server/node_modules/typescript/lib/tsserver.js:120361:121
        at Object.flatMap (/home/andyyu2004/programming/javascript/gift-wizard/server/node_modules/typescript/lib/tsserver.js:468:25)
        at Object.getFixes (/home/andyyu2004/programming/javascript/gift-wizard/server/node_modules/typescript/lib/tsserver.js:120361:23)
        at /home/andyyu2004/programming/javascript/gift-wizard/server/node_modules/typescript/lib/tsserver.js:131044:35
        at Object.flatMap (/home/andyyu2004/programming/javascript/gift-wizard/server/node_modules/typescript/lib/tsserver.js:468:25)
        at Object.getCodeFixesAtPosition (/home/andyyu2004/programming/javascript/gift-wizard/server/node_modules/typescript/lib/tsserver.js:131042:23)
        at IOSession.Session.getCodeFixes (/home/andyyu2004/programming/javascript/gift-wizard/server/node_modules/typescript/lib/tsserver.js:140677:64)
        at Session.handlers.ts.createMapFromTemplate._a.<computed> (/home/andyyu2004/programming/javascript/gift-wizard/server/node_modules/typescript/lib/tsserver.js:139462:61)
        at /home/andyyu2004/programming/javascript/gift-wizard/server/node_modules/typescript/lib/tsserver.js:140870:88
        at IOSession.Session.executeWithRequestId (/home/andyyu2004/programming/javascript/gift-wizard/server/node_modules/typescript/lib/tsserver.js:140861:28)
        at IOSession.Session.executeCommand (/home/andyyu2004/programming/javascript/gift-wizard/server/node_modules/typescript/lib/tsserver.js:140870:33)
        at IOSession.Session.onMessage (/home/andyyu2004/programming/javascript/gift-wizard/server/node_modules/typescript/lib/tsserver.js:140893:35)
        at Interface.<anonymous> (/home/andyyu2004/programming/javascript/gift-wizard/server/node_modules/typescript/lib/tsserver.js:142208:27)
        at Interface.emit (events.js:210:5)
        at Interface._onLine (readline.js:316:10)
        at Interface._normalWrite (readline.js:461:12)
        at Socket.ondata (readline.js:172:10)
        at Socket.emit (events.js:210:5)
        at addChunk (_stream_readable.js:309:12)
        at readableAddChunk (_stream_readable.js:290:11)
        at Socket.Readable.push (_stream_readable.js:224:10)
        at Pipe.onStreamRead (internal/stream_base_commons.js:182:23)
Err 14    [20:44:14.856] Exception on executing command {"command":"getCodeFixes","seq":40,"type":"request","arguments":{"file":"/home/andyyu2004/programming/javascript/gift-wizard/server/server.ts","startLine":33,"startOffset":2,"endLine":33,"endOffset":2,"errorCodes":[6133]}}:

    Debug Failure.

    Error: Debug Failure.
        at Object.assertDefined (/home/andyyu2004/programming/javascript/gift-wizard/server/node_modules/typescript/lib/tsserver.js:2004:24)
        at deleteNodeInList (/home/andyyu2004/programming/javascript/gift-wizard/server/node_modules/typescript/lib/tsserver.js:120301:43)
        at Object.deleteDeclaration (/home/andyyu2004/programming/javascript/gift-wizard/server/node_modules/typescript/lib/tsserver.js:120220:29)
        at _loop_9 (/home/andyyu2004/programming/javascript/gift-wizard/server/node_modules/typescript/lib/tsserver.js:119770:47)
        at ChangeTracker.finishDeleteDeclarations (/home/andyyu2004/programming/javascript/gift-wizard/server/node_modules/typescript/lib/tsserver.js:119777:21)
        at ChangeTracker.getChanges (/home/andyyu2004/programming/javascript/gift-wizard/server/node_modules/typescript/lib/tsserver.js:119797:22)
        at Function.ChangeTracker.with (/home/andyyu2004/programming/javascript/gift-wizard/server/node_modules/typescript/lib/tsserver.js:119321:32)
        at Object.getCodeActions (/home/andyyu2004/programming/javascript/gift-wizard/server/node_modules/typescript/lib/tsserver.js:124820:69)
        at /home/andyyu2004/programming/javascript/gift-wizard/server/node_modules/typescript/lib/tsserver.js:120361:121
        at Object.flatMap (/home/andyyu2004/programming/javascript/gift-wizard/server/node_modules/typescript/lib/tsserver.js:468:25)
        at Object.getFixes (/home/andyyu2004/programming/javascript/gift-wizard/server/node_modules/typescript/lib/tsserver.js:120361:23)
        at /home/andyyu2004/programming/javascript/gift-wizard/server/node_modules/typescript/lib/tsserver.js:131044:35
        at Object.flatMap (/home/andyyu2004/programming/javascript/gift-wizard/server/node_modules/typescript/lib/tsserver.js:468:25)
        at Object.getCodeFixesAtPosition (/home/andyyu2004/programming/javascript/gift-wizard/server/node_modules/typescript/lib/tsserver.js:131042:23)
        at IOSession.Session.getCodeFixes (/home/andyyu2004/programming/javascript/gift-wizard/server/node_modules/typescript/lib/tsserver.js:140677:64)
        at Session.handlers.ts.createMapFromTemplate._a.<computed> (/home/andyyu2004/programming/javascript/gift-wizard/server/node_modules/typescript/lib/tsserver.js:139462:61)
        at /home/andyyu2004/programming/javascript/gift-wizard/server/node_modules/typescript/lib/tsserver.js:140870:88
        at IOSession.Session.executeWithRequestId (/home/andyyu2004/programming/javascript/gift-wizard/server/node_modules/typescript/lib/tsserver.js:140861:28)
        at IOSession.Session.executeCommand (/home/andyyu2004/programming/javascript/gift-wizard/server/node_modules/typescript/lib/tsserver.js:140870:33)
        at IOSession.Session.onMessage (/home/andyyu2004/programming/javascript/gift-wizard/server/node_modules/typescript/lib/tsserver.js:140893:35)
        at Interface.<anonymous> (/home/andyyu2004/programming/javascript/gift-wizard/server/node_modules/typescript/lib/tsserver.js:142208:27)
        at Interface.emit (events.js:210:5)
        at Interface._onLine (readline.js:316:10)
        at Interface._normalWrite (readline.js:461:12)
        at Socket.ondata (readline.js:172:10)
        at Socket.emit (events.js:210:5)
        at addChunk (_stream_readable.js:309:12)
        at readableAddChunk (_stream_readable.js:290:11)
        at Socket.Readable.push (_stream_readable.js:224:10)
        at Pipe.onStreamRead (internal/stream_base_commons.js:182:23)
Err 15    [20:44:16.663] Exception on executing command {"command":"signatureHelp","seq":50,"type":"request","arguments":{"file":"/home/andyyu2004/programming/javascript/gift-wizard/server/server.ts","line":33,"offset":16}}:

    Cannot read property 'emitNode' of undefined

    TypeError: Cannot read property 'emitNode' of undefined
        at Object.getCommentRange (/home/andyyu2004/programming/javascript/gift-wizard/server/node_modules/typescript/lib/tsserver.js:68997:29)
        at emitNodeList (/home/andyyu2004/programming/javascript/gift-wizard/server/node_modules/typescript/lib/tsserver.js:92843:51)
        at emitList (/home/andyyu2004/programming/javascript/gift-wizard/server/node_modules/typescript/lib/tsserver.js:92722:13)
        at Object.writeList (/home/andyyu2004/programming/javascript/gift-wizard/server/node_modules/typescript/lib/tsserver.js:90146:13)
        at /home/andyyu2004/programming/javascript/gift-wizard/server/node_modules/typescript/lib/tsserver.js:115282:29
        at Object.mapToDisplayParts (/home/andyyu2004/programming/javascript/gift-wizard/server/node_modules/typescript/lib/tsserver.js:103836:13)
        at itemInfoForParameters (/home/andyyu2004/programming/javascript/gift-wizard/server/node_modules/typescript/lib/tsserver.js:115279:41)
        at getSignatureHelpItem (/home/andyyu2004/programming/javascript/gift-wizard/server/node_modules/typescript/lib/tsserver.js:115245:95)
        at /home/andyyu2004/programming/javascript/gift-wizard/server/node_modules/typescript/lib/tsserver.js:115218:79
        at Array.map (<anonymous>)
        at createSignatureHelpItems (/home/andyyu2004/programming/javascript/gift-wizard/server/node_modules/typescript/lib/tsserver.js:115218:36)
        at /home/andyyu2004/programming/javascript/gift-wizard/server/node_modules/typescript/lib/tsserver.js:114810:23
        at Object.runWithCancellationToken (/home/andyyu2004/programming/javascript/gift-wizard/server/node_modules/typescript/lib/tsserver.js:33373:28)
        at Object.getSignatureHelpItems (/home/andyyu2004/programming/javascript/gift-wizard/server/node_modules/typescript/lib/tsserver.js:114808:32)
        at Object.getSignatureHelpItems (/home/andyyu2004/programming/javascript/gift-wizard/server/node_modules/typescript/lib/tsserver.js:130887:37)
        at IOSession.Session.getSignatureHelpItems (/home/andyyu2004/programming/javascript/gift-wizard/server/node_modules/typescript/lib/tsserver.js:140430:62)
        at Session.handlers.ts.createMapFromTemplate._a.<computed> (/home/andyyu2004/programming/javascript/gift-wizard/server/node_modules/typescript/lib/tsserver.js:139356:61)
        at /home/andyyu2004/programming/javascript/gift-wizard/server/node_modules/typescript/lib/tsserver.js:140870:88
        at IOSession.Session.executeWithRequestId (/home/andyyu2004/programming/javascript/gift-wizard/server/node_modules/typescript/lib/tsserver.js:140861:28)
        at IOSession.Session.executeCommand (/home/andyyu2004/programming/javascript/gift-wizard/server/node_modules/typescript/lib/tsserver.js:140870:33)
        at IOSession.Session.onMessage (/home/andyyu2004/programming/javascript/gift-wizard/server/node_modules/typescript/lib/tsserver.js:140893:35)
        at Interface.<anonymous> (/home/andyyu2004/programming/javascript/gift-wizard/server/node_modules/typescript/lib/tsserver.js:142208:27)
        at Interface.emit (events.js:210:5)
        at Interface._onLine (readline.js:316:10)
        at Interface._normalWrite (readline.js:461:12)
        at Socket.ondata (readline.js:172:10)
        at Socket.emit (events.js:210:5)
        at addChunk (_stream_readable.js:309:12)
        at readableAddChunk (_stream_readable.js:290:11)
        at Socket.Readable.push (_stream_readable.js:224:10)
        at Pipe.onStreamRead (internal/stream_base_commons.js:182:23)
Info 16   [21:12:55.211] DirectoryWatcher:: Triggered with /home/andyyu2004/programming/javascript/gift-wizard/server/node_modules/typescript/AUTHORS.md :: WatchInfo: /home/andyyu2004/programming/javascript/gift-wizard/server 1 Project: /home/andyyu2004/programming/javascript/gift-wizard/server/tsconfig.json WatchType: Wild card directory
Info 17   [21:12:55.211] Project: /home/andyyu2004/programming/javascript/gift-wizard/server/tsconfig.json Detected file add/remove of non supported extension: /home/andyyu2004/programming/javascript/gift-wizard/server/node_modules/typescript/AUTHORS.md
Info 18   [21:12:55.211] Elapsed:: 0ms DirectoryWatcher:: Triggered with /home/andyyu2004/programming/javascript/gift-wizard/server/node_modules/typescript/AUTHORS.md :: WatchInfo: /home/andyyu2004/programming/javascript/gift-wizard/server 1 Project: /home/andyyu2004/programming/javascript/gift-wizard/server/tsconfig.json WatchType: Wild card directory
Info 19   [21:12:55.211] DirectoryWatcher:: Triggered with /home/andyyu2004/programming/javascript/gift-wizard/server/node_modules/typescript/AUTHORS.md :: WatchInfo: /home/andyyu2004/programming/javascript/gift-wizard/server/node_modules 1 Project:  WatchType: node_modules for closed script infos in them
Info 20   [21:12:55.212] Elapsed:: 1ms DirectoryWatcher:: Triggered with /home/andyyu2004/programming/javascript/gift-wizard/server/node_modules/typescript/AUTHORS.md :: WatchInfo: /home/andyyu2004/programming/javascript/gift-wizard/server/node_modules 1 Project:  WatchType: node_modules for closed script infos in them
Info 21   [21:12:55.212] DirectoryWatcher:: Triggered with /home/andyyu2004/programming/javascript/gift-wizard/server/node_modules/typescript/AUTHORS.md :: WatchInfo: /home/andyyu2004/programming/javascript/gift-wizard/server/node_modules 1 Project: /home/andyyu2004/programming/javascript/gift-wizard/server/tsconfig.json WatchType: Failed Lookup Locations
Info 22   [21:12:55.212] Elapsed:: 0ms DirectoryWatcher:: Triggered with /home/andyyu2004/programming/javascript/gift-wizard/server/node_modules/typescript/AUTHORS.md :: WatchInfo: /home/andyyu2004/programming/javascript/gift-wizard/server/node_modules 1 Project: /home/andyyu2004/programming/javascript/gift-wizard/server/tsconfig.json WatchType: Failed Lookup Locations
Info 23   [21:12:55.212] DirectoryWatcher:: Triggered with /home/andyyu2004/programming/javascript/gift-wizard/server/node_modules/typescript/CODE_OF_CONDUCT.md :: WatchInfo: /home/andyyu2004/programming/javascript/gift-wizard/server 1 Project: /home/andyyu2004/programming/javascript/gift-wizard/server/tsconfig.json WatchType: Wild card directory
Info 24   [21:12:55.212] Project: /home/andyyu2004/programming/javascript/gift-wizard/server/tsconfig.json Detected file add/remove of non supported extension: /home/andyyu2004/programming/javascript/gift-wizard/server/node_modules/typescript/CODE_OF_CONDUCT.md
Info 25   [21:12:55.212] Elapsed:: 0ms DirectoryWatcher:: Triggered with /home/andyyu2004/programming/javascript/gift-wizard/server/node_modules/typescript/CODE_OF_CONDUCT.md :: WatchInfo: /home/andyyu2004/programming/javascript/gift-wizard/server 1 Project: /home/andyyu2004/programming/javascript/gift-wizard/server/tsconfig.json WatchType: Wild card directory
Info 26   [21:12:55.212] DirectoryWatcher:: Triggered with /home/andyyu2004/programming/javascript/gift-wizard/server/node_modules/typescript/CODE_OF_CONDUCT.md :: WatchInfo: /home/andyyu2004/programming/javascript/gift-wizard/server/node_modules 1 Project:  WatchType: node_modules for closed script infos in them
Info 27   [21:12:55.212] Elapsed:: 0ms DirectoryWatcher:: Triggered with /home/andyyu2004/programming/javascript/gift-wizard/server/node_modules/typescript/CODE_OF_CONDUCT.md :: WatchInfo: /home/andyyu2004/programming/javascript/gift-wizard/server/node_modules 1 Project:  WatchType: node_modules for closed script infos in them
Info 28   [21:12:55.212] DirectoryWatcher:: Triggered with /home/andyyu2004/programming/javascript/gift-wizard/server/node_modules/typescript/CODE_OF_CONDUCT.md :: WatchInfo: /home/andyyu2004/programming/javascript/gift-wizard/server/node_modules 1 Project: /home/andyyu2004/programming/javascript/gift-wizard/server/tsconfig.json WatchType: Failed Lookup Locations
Info 29   [21:12:55.212] Elapsed:: 0ms DirectoryWatcher:: Triggered with /home/andyyu2004/programming/javascript/gift-wizard/server/node_modules/typescript/CODE_OF_CONDUCT.md :: WatchInfo: /home/andyyu2004/programming/javascript/gift-wizard/server/node_modules 1 Project: /home/andyyu2004/programming/javascript/gift-wizard/server/tsconfig.json WatchType: Failed Lookup Locations
Info 30   [21:12:55.213] DirectoryWatcher:: Triggered with /home/andyyu2004/programming/javascript/gift-wizard/server/node_modules/typescript/CopyrightNotice.txt :: WatchInfo: /home/andyyu2004/programming/javascript/gift-wizard/server 1 Project: /home/andyyu2004/programming/javascript/gift-wizard/server/tsconfig.json WatchType: Wild card directory
Info 31   [21:12:55.213] Project: /home/andyyu2004/programming/javascript/gift-wizard/server/tsconfig.json Detected file add/remove of non supported extension: /home/andyyu2004/programming/javascript/gift-wizard/server/node_modules/typescript/CopyrightNotice.txt
Info 32   [21:12:55.213] Elapsed:: 0ms DirectoryWatcher:: Triggered with /home/andyyu2004/programming/javascript/gift-wizard/server/node_modules/typescript/CopyrightNotice.txt :: WatchInfo: /home/andyyu2004/programming/javascript/gift-wizard/server 1 Project: /home/andyyu2004/programming/javascript/gift-wizard/server/tsconfig.json WatchType: Wild card directory
Info 33   [21:12:55.213] DirectoryWatcher:: Triggered with /home/andyyu2004/programming/javascript/gift-wizard/server/node_modules/typescript/CopyrightNotice.txt :: WatchInfo: /home/andyyu2004/programming/javascript/gift-wizard/server/node_modules 1 Project:  WatchType: node_modules for closed script infos in them
Info 34   [21:12:55.213] Elapsed:: 0ms DirectoryWatcher:: Triggered with /home/andyyu2004/programming/javascript/gift-wizard/server/node_modules/typescript/CopyrightNotice.txt :: WatchInfo: /home/andyyu2004/programming/javascript/gift-wizard/server/node_modules 1 Project:  WatchType: node_modules for closed script infos in them
Info 35   [21:12:55.213] DirectoryWatcher:: Triggered with /home/andyyu2004/programming/javascript/gift-wizard/server/node_modules/typescript/CopyrightNotice.txt :: WatchInfo: /home/andyyu2004/programming/javascript/gift-wizard/server/node_modules 1 Project: /home/andyyu2004/programming/javascript/gift-wizard/server/tsconfig.json WatchType: Failed Lookup Locations
Info 36   [21:12:55.213] Elapsed:: 0ms DirectoryWatcher:: Triggered with /home/andyyu2004/programming/javascript/gift-wizard/server/node_modules/typescript/CopyrightNotice.txt :: WatchInfo: /home/andyyu2004/programming/javascript/gift-wizard/server/node_modules 1 Project: /home/andyyu2004/programming/javascript/gift-wizard/server/tsconfig.json WatchType: Failed Lookup Locations
Info 37   [21:12:55.213] DirectoryWatcher:: Triggered with /home/andyyu2004/programming/javascript/gift-wizard/server/node_modules/typescript/README.md :: WatchInfo: /home/andyyu2004/programming/javascript/gift-wizard/server 1 Project: /home/andyyu2004/programming/javascript/gift-wizard/server/tsconfig.json WatchType: Wild card directory
Info 38   [21:12:55.214] Project: /home/andyyu2004/programming/javascript/gift-wizard/server/tsconfig.json Detected file add/remove of non supported extension: /home/andyyu2004/programming/javascript/gift-wizard/server/node_modules/typescript/README.md
Info 39   [21:12:55.214] Elapsed:: 0ms DirectoryWatcher:: Triggered with /home/andyyu2004/programming/javascript/gift-wizard/server/node_modules/typescript/README.md :: WatchInfo: /home/andyyu2004/programming/javascript/gift-wizard/server 1 Project: /home/andyyu2004/programming/javascript/gift-wizard/server/tsconfig.json WatchType: Wild card directory
Info 40   [21:12:55.214] DirectoryWatcher:: Triggered with /home/andyyu2004/programming/javascript/gift-wizard/server/node_modules/typescript/README.md :: WatchInfo: /home/andyyu2004/programming/javascript/gift-wizard/server/node_modules 1 Project:  WatchType: node_modules for closed script infos in them
Info 41   [21:12:55.214] Elapsed:: 0ms DirectoryWatcher:: Triggered with /home/andyyu2004/programming/javascript/gift-wizard/server/node_modules/typescript/README.md :: WatchInfo: /home/andyyu2004/programming/javascript/gift-wizard/server/node_modules 1 Project:  WatchType: node_modules for closed script infos in them
Info 42   [21:12:55.214] DirectoryWatcher:: Triggered with /home/andyyu2004/programming/javascript/gift-wizard/server/node_modules/typescript/README.md :: WatchInfo: /home/andyyu2004/programming/javascript/gift-wizard/server/node_modules 1 Project: /home/andyyu2004/programming/javascript/gift-wizard/server/tsconfig.json WatchType: Failed Lookup Locations
Info 43   [21:12:55.214] Elapsed:: 0ms DirectoryWatcher:: Triggered with /home/andyyu2004/programming/javascript/gift-wizard/server/node_modules/typescript/README.md :: WatchInfo: /home/andyyu2004/programming/javascript/gift-wizard/server/node_modules 1 Project: /home/andyyu2004/programming/javascript/gift-wizard/server/tsconfig.json WatchType: Failed Lookup Locations
Info 44   [21:12:55.214] DirectoryWatcher:: Triggered with /home/andyyu2004/programming/javascript/gift-wizard/server/node_modules/typescript/LICENSE.txt :: WatchInfo: /home/andyyu2004/programming/javascript/gift-wizard/server 1 Project: /home/andyyu2004/programming/javascript/gift-wizard/server/tsconfig.json WatchType: Wild card directory
Info 45   [21:12:55.214] Project: /home/andyyu2004/programming/javascript/gift-wizard/server/tsconfig.json Detected file add/remove of non supported extension: /home/andyyu2004/programming/javascript/gift-wizard/server/node_modules/typescript/LICENSE.txt
Info 46   [21:12:55.214] Elapsed:: 0ms DirectoryWatcher:: Triggered with /home/andyyu2004/programming/javascript/gift-wizard/server/node_modules/typescript/LICENSE.txt :: WatchInfo: /home/andyyu2004/programming/javascript/gift-wizard/server 1 Project: /home/andyyu2004/programming/javascript/gift-wizard/server/tsconfig.json WatchType: Wild card directory
Info 47   [21:12:55.214] DirectoryWatcher:: Triggered with /home/andyyu2004/programming/javascript/gift-wizard/server/node_modules/typescript/LICENSE.txt :: WatchInfo: /home/andyyu2004/programming/javascript/gift-wizard/server/node_modules 1 Project:  WatchType: node_modules for closed script infos in them
Info 48   [21:12:55.214] Elapsed:: 0ms DirectoryWatcher:: Triggered with /home/andyyu2004/programming/javascript/gift-wizard/server/node_modules/typescript/LICENSE.txt :: WatchInfo: /home/andyyu2004/programming/javascript/gift-wizard/server/node_modules 1 Project:  WatchType: node_modules for closed script infos in them
Info 49   [21:12:55.214] DirectoryWatcher:: Triggered with /home/andyyu2004/programming/javascript/gift-wizard/server/node_modules/typescript/LICENSE.txt :: WatchInfo: /home/andyyu2004/programming/javascript/gift-wizard/server/node_modules 1 Project: /home/andyyu2004/programming/javascript/gift-wizard/server/tsconfig.json WatchType: Failed Lookup Locations
Info 50   [21:12:55.214] Elapsed:: 0ms DirectoryWatcher:: Triggered with /home/andyyu2004/programming/javascript/gift-wizard/server/node_modules/typescript/LICENSE.txt :: WatchInfo: /home/andyyu2004/programming/javascript/gift-wizard/server/node_modules 1 Project: /home/andyyu2004/programming/javascript/gift-wizard/server/tsconfig.json WatchType: Failed Lookup Locations
Info 51   [21:12:55.215] DirectoryWatcher:: Triggered with /home/andyyu2004/programming/javascript/gift-wizard/server/node_modules/typescript/ThirdPartyNoticeText.txt :: WatchInfo: /home/andyyu2004/programming/javascript/gift-wizard/server 1 Project: /home/andyyu2004/programming/javascript/gift-wizard/server/tsconfig.json WatchType: Wild card directory
Info 52   [21:12:55.215] Project: /home/andyyu2004/programming/javascript/gift-wizard/server/tsconfig.json Detected file add/remove of non supported extension: /home/andyyu2004/programming/javascript/gift-wizard/server/node_modules/typescript/ThirdPartyNoticeText.txt
Info 53   [21:12:55.215] Elapsed:: 0ms DirectoryWatcher:: Triggered with /home/andyyu2004/programming/javascript/gift-wizard/server/node_modules/typescript/ThirdPartyNoticeText.txt :: WatchInfo: /home/andyyu2004/programming/javascript/gift-wizard/server 1 Project: /home/andyyu2004/programming/javascript/gift-wizard/server/tsconfig.json WatchType: Wild card directory
Info 54   [21:12:55.215] DirectoryWatcher:: Triggered with /home/andyyu2004/programming/javascript/gift-wizard/server/node_modules/typescript/ThirdPartyNoticeText.txt :: WatchInfo: /home/andyyu2004/programming/javascript/gift-wizard/server/node_modules 1 Project:  WatchType: node_modules for closed script infos in them
Info 55   [21:12:55.215] Elapsed:: 0ms DirectoryWatcher:: Triggered with /home/andyyu2004/programming/javascript/gift-wizard/server/node_modules/typescript/ThirdPartyNoticeText.txt :: WatchInfo: /home/andyyu2004/programming/javascript/gift-wizard/server/node_modules 1 Project:  WatchType: node_modules for closed script infos in them
Info 56   [21:12:55.215] DirectoryWatcher:: Triggered with /home/andyyu2004/programming/javascript/gift-wizard/server/node_modules/typescript/ThirdPartyNoticeText.txt :: WatchInfo: /home/andyyu2004/programming/javascript/gift-wizard/server/node_modules 1 Project: /home/andyyu2004/programming/javascript/gift-wizard/server/tsconfig.json WatchType: Failed Lookup Locations
Info 57   [21:12:55.215] Elapsed:: 0ms DirectoryWatcher:: Triggered with /home/andyyu2004/programming/javascript/gift-wizard/server/node_modules/typescript/ThirdPartyNoticeText.txt :: WatchInfo: /home/andyyu2004/programming/javascript/gift-wizard/server/node_modules 1 Project: /home/andyyu2004/programming/javascript/gift-wizard/server/tsconfig.json WatchType: Failed Lookup Locations
Info 58   [21:12:55.215] DirectoryWatcher:: Triggered with /home/andyyu2004/programming/javascript/gift-wizard/server/node_modules/typescript/package.json :: WatchInfo: /home/andyyu2004/programming/javascript/gift-wizard/server 1 Project: /home/andyyu2004/programming/javascript/gift-wizard/server/tsconfig.json WatchType: Wild card directory
Info 59   [21:12:55.215] Project: /home/andyyu2004/programming/javascript/gift-wizard/server/tsconfig.json Detected file add/remove of non supported extension: /home/andyyu2004/programming/javascript/gift-wizard/server/node_modules/typescript/package.json
Info 60   [21:12:55.215] Elapsed:: 0ms DirectoryWatcher:: Triggered with /home/andyyu2004/programming/javascript/gift-wizard/server/node_modules/typescript/package.json :: WatchInfo: /home/andyyu2004/programming/javascript/gift-wizard/server 1 Project: /home/andyyu2004/programming/javascript/gift-wizard/server/tsconfig.json WatchType: Wild card directory
Info 61   [21:12:55.215] DirectoryWatcher:: Triggered with /home/andyyu2004/programming/javascript/gift-wizard/server/node_modules/typescript/package.json :: WatchInfo: /home/andyyu2004/programming/javascript/gift-wizard/server/node_modules 1 Project:  WatchType: node_modules for closed script infos in them
Info 62   [21:12:55.215] Elapsed:: 0ms DirectoryWatcher:: Triggered with /home/andyyu2004/programming/javascript/gift-wizard/server/node_modules/typescript/package.json :: WatchInfo: /home/andyyu2004/programming/javascript/gift-wizard/server/node_modules 1 Project:  WatchType: node_modules for closed script infos in them
Info 63   [21:12:55.215] DirectoryWatcher:: Triggered with /home/andyyu2004/programming/javascript/gift-wizard/server/node_modules/typescript/package.json :: WatchInfo: /home/andyyu2004/programming/javascript/gift-wizard/server/node_modules 1 Project: /home/andyyu2004/programming/javascript/gift-wizard/server/tsconfig.json WatchType: Failed Lookup Locations
Info 64   [21:12:55.239] Elapsed:: 24ms DirectoryWatcher:: Triggered with /home/andyyu2004/programming/javascript/gift-wizard/server/node_modules/typescript/package.json :: WatchInfo: /home/andyyu2004/programming/javascript/gift-wizard/server/node_modules 1 Project: /home/andyyu2004/programming/javascript/gift-wizard/server/tsconfig.json WatchType: Failed Lookup Locations
Info 65   [21:12:55.240] DirectoryWatcher:: Triggered with /home/andyyu2004/programming/javascript/gift-wizard/server/node_modules/typescript/bin :: WatchInfo: /home/andyyu2004/programming/javascript/gift-wizard/server 1 Project: /home/andyyu2004/programming/javascript/gift-wizard/server/tsconfig.json WatchType: Wild card directory
Info 66   [21:12:55.241] Elapsed:: 1ms DirectoryWatcher:: Triggered with /home/andyyu2004/programming/javascript/gift-wizard/server/node_modules/typescript/bin :: WatchInfo: /home/andyyu2004/programming/javascript/gift-wizard/server 1 Project: /home/andyyu2004/programming/javascript/gift-wizard/server/tsconfig.json WatchType: Wild card directory
Info 67   [21:12:55.241] DirectoryWatcher:: Triggered with /home/andyyu2004/programming/javascript/gift-wizard/server/node_modules/typescript/bin :: WatchInfo: /home/andyyu2004/programming/javascript/gift-wizard/server/node_modules 1 Project:  WatchType: node_modules for closed script infos in them
Info 68   [21:12:55.241] Elapsed:: 0ms DirectoryWatcher:: Triggered with /home/andyyu2004/programming/javascript/gift-wizard/server/node_modules/typescript/bin :: WatchInfo: /home/andyyu2004/programming/javascript/gift-wizard/server/node_modules 1 Project:  WatchType: node_modules for closed script infos in them
Info 69   [21:12:55.241] DirectoryWatcher:: Triggered with /home/andyyu2004/programming/javascript/gift-wizard/server/node_modules/typescript/bin :: WatchInfo: /home/andyyu2004/programming/javascript/gift-wizard/server/node_modules 1 Project: /home/andyyu2004/programming/javascript/gift-wizard/server/tsconfig.json WatchType: Failed Lookup Locations
Info 70   [21:12:55.241] Elapsed:: 0ms DirectoryWatcher:: Triggered with /home/andyyu2004/programming/javascript/gift-wizard/server/node_modules/typescript/bin :: WatchInfo: /home/andyyu2004/programming/javascript/gift-wizard/server/node_modules 1 Project: /home/andyyu2004/programming/javascript/gift-wizard/server/tsconfig.json WatchType: Failed Lookup Locations
Info 71   [21:12:55.241] DirectoryWatcher:: Triggered with /home/andyyu2004/programming/javascript/gift-wizard/server/node_modules/typescript/lib :: WatchInfo: /home/andyyu2004/programming/javascript/gift-wizard/server 1 Project: /home/andyyu2004/programming/javascript/gift-wizard/server/tsconfig.json WatchType: Wild card directory
Info 72   [21:12:55.241] Elapsed:: 0ms DirectoryWatcher:: Triggered with /home/andyyu2004/programming/javascript/gift-wizard/server/node_modules/typescript/lib :: WatchInfo: /home/andyyu2004/programming/javascript/gift-wizard/server 1 Project: /home/andyyu2004/programming/javascript/gift-wizard/server/tsconfig.json WatchType: Wild card directory
Info 73   [21:12:55.241] DirectoryWatcher:: Triggered with /home/andyyu2004/programming/javascript/gift-wizard/server/node_modules/typescript/lib :: WatchInfo: /home/andyyu2004/programming/javascript/gift-wizard/server/node_modules 1 Project:  WatchType: node_modules for closed script infos in them
Info 74   [21:12:55.264] Elapsed:: 23ms DirectoryWatcher:: Triggered with /home/andyyu2004/programming/javascript/gift-wizard/server/node_modules/typescript/lib :: WatchInfo: /home/andyyu2004/programming/javascript/gift-wizard/server/node_modules 1 Project:  WatchType: node_modules for closed script infos in them
Info 75   [21:12:55.264] DirectoryWatcher:: Triggered with /home/andyyu2004/programming/javascript/gift-wizard/server/node_modules/typescript/lib :: WatchInfo: /home/andyyu2004/programming/javascript/gift-wizard/server/node_modules 1 Project: /home/andyyu2004/programming/javascript/gift-wizard/server/tsconfig.json WatchType: Failed Lookup Locations
Info 76   [21:12:55.265] Elapsed:: 1ms DirectoryWatcher:: Triggered with /home/andyyu2004/programming/javascript/gift-wizard/server/node_modules/typescript/lib :: WatchInfo: /home/andyyu2004/programming/javascript/gift-wizard/server/node_modules 1 Project: /home/andyyu2004/programming/javascript/gift-wizard/server/tsconfig.json WatchType: Failed Lookup Locations
Info 77   [21:12:55.265] DirectoryWatcher:: Triggered with /home/andyyu2004/programming/javascript/gift-wizard/server/node_modules/typescript/loc :: WatchInfo: /home/andyyu2004/programming/javascript/gift-wizard/server 1 Project: /home/andyyu2004/programming/javascript/gift-wizard/server/tsconfig.json WatchType: Wild card directory
Info 78   [21:12:55.265] Elapsed:: 0ms DirectoryWatcher:: Triggered with /home/andyyu2004/programming/javascript/gift-wizard/server/node_modules/typescript/loc :: WatchInfo: /home/andyyu2004/programming/javascript/gift-wizard/server 1 Project: /home/andyyu2004/programming/javascript/gift-wizard/server/tsconfig.json WatchType: Wild card directory
Info 79   [21:12:55.265] DirectoryWatcher:: Triggered with /home/andyyu2004/programming/javascript/gift-wizard/server/node_modules/typescript/loc :: WatchInfo: /home/andyyu2004/programming/javascript/gift-wizard/server/node_modules 1 Project:  WatchType: node_modules for closed script infos in them
Info 80   [21:12:55.265] Elapsed:: 0ms DirectoryWatcher:: Triggered with /home/andyyu2004/programming/javascript/gift-wizard/server/node_modules/typescript/loc :: WatchInfo: /home/andyyu2004/programming/javascript/gift-wizard/server/node_modules 1 Project:  WatchType: node_modules for closed script infos in them
Info 81   [21:12:55.265] DirectoryWatcher:: Triggered with /home/andyyu2004/programming/javascript/gift-wizard/server/node_modules/typescript/loc :: WatchInfo: /home/andyyu2004/programming/javascript/gift-wizard/server/node_modules 1 Project: /home/andyyu2004/programming/javascript/gift-wizard/server/tsconfig.json WatchType: Failed Lookup Locations
Info 82   [21:12:55.265] Elapsed:: 0ms DirectoryWatcher:: Triggered with /home/andyyu2004/programming/javascript/gift-wizard/server/node_modules/typescript/loc :: WatchInfo: /home/andyyu2004/programming/javascript/gift-wizard/server/node_modules 1 Project: /home/andyyu2004/programming/javascript/gift-wizard/server/tsconfig.json WatchType: Failed Lookup Locations
Info 83   [21:12:55.265] DirectoryWatcher:: Triggered with /home/andyyu2004/programming/javascript/gift-wizard/server/node_modules/typescript :: WatchInfo: /home/andyyu2004/programming/javascript/gift-wizard/server 1 Project: /home/andyyu2004/programming/javascript/gift-wizard/server/tsconfig.json WatchType: Wild card directory
Info 84   [21:12:55.265] Elapsed:: 0ms DirectoryWatcher:: Triggered with /home/andyyu2004/programming/javascript/gift-wizard/server/node_modules/typescript :: WatchInfo: /home/andyyu2004/programming/javascript/gift-wizard/server 1 Project: /home/andyyu2004/programming/javascript/gift-wizard/server/tsconfig.json WatchType: Wild card directory
Info 85   [21:12:55.265] DirectoryWatcher:: Triggered with /home/andyyu2004/programming/javascript/gift-wizard/server/node_modules/typescript :: WatchInfo: /home/andyyu2004/programming/javascript/gift-wizard/server/node_modules 1 Project:  WatchType: node_modules for closed script infos in them
Info 86   [21:12:55.265] Elapsed:: 0ms DirectoryWatcher:: Triggered with /home/andyyu2004/programming/javascript/gift-wizard/server/node_modules/typescript :: WatchInfo: /home/andyyu2004/programming/javascript/gift-wizard/server/node_modules 1 Project:  WatchType: node_modules for closed script infos in them
Info 87   [21:12:55.265] DirectoryWatcher:: Triggered with /home/andyyu2004/programming/javascript/gift-wizard/server/node_modules/typescript :: WatchInfo: /home/andyyu2004/programming/javascript/gift-wizard/server/node_modules 1 Project: /home/andyyu2004/programming/javascript/gift-wizard/server/tsconfig.json WatchType: Failed Lookup Locations
Info 88   [21:12:55.294] Elapsed:: 29ms DirectoryWatcher:: Triggered with /home/andyyu2004/programming/javascript/gift-wizard/server/node_modules/typescript :: WatchInfo: /home/andyyu2004/programming/javascript/gift-wizard/server/node_modules 1 Project: /home/andyyu2004/programming/javascript/gift-wizard/server/tsconfig.json WatchType: Failed Lookup Locations
Info 89   [21:12:55.302] DirectoryWatcher:: Triggered with /home/andyyu2004/programming/javascript/gift-wizard/server/node_modules/typescript :: WatchInfo: /home/andyyu2004/programming/javascript/gift-wizard/server 1 Project: /home/andyyu2004/programming/javascript/gift-wizard/server/tsconfig.json WatchType: Wild card directory
Info 90   [21:12:55.302] Elapsed:: 0ms DirectoryWatcher:: Triggered with /home/andyyu2004/programming/javascript/gift-wizard/server/node_modules/typescript :: WatchInfo: /home/andyyu2004/programming/javascript/gift-wizard/server 1 Project: /home/andyyu2004/programming/javascript/gift-wizard/server/tsconfig.json WatchType: Wild card directory
Info 91   [21:12:55.302] DirectoryWatcher:: Triggered with /home/andyyu2004/programming/javascript/gift-wizard/server/node_modules/typescript :: WatchInfo: /home/andyyu2004/programming/javascript/gift-wizard/server/node_modules 1 Project:  WatchType: node_modules for closed script infos in them
Info 92   [21:12:55.302] Elapsed:: 0ms DirectoryWatcher:: Triggered with /home/andyyu2004/programming/javascript/gift-wizard/server/node_modules/typescript :: WatchInfo: /home/andyyu2004/programming/javascript/gift-wizard/server/node_modules 1 Project:  WatchType: node_modules for closed script infos in them
Info 93   [21:12:55.302] DirectoryWatcher:: Triggered with /home/andyyu2004/programming/javascript/gift-wizard/server/node_modules/typescript :: WatchInfo: /home/andyyu2004/programming/javascript/gift-wizard/server/node_modules 1 Project: /home/andyyu2004/programming/javascript/gift-wizard/server/tsconfig.json WatchType: Failed Lookup Locations
Info 94   [21:12:55.328] Elapsed:: 26ms DirectoryWatcher:: Triggered with /home/andyyu2004/programming/javascript/gift-wizard/server/node_modules/typescript :: WatchInfo: /home/andyyu2004/programming/javascript/gift-wizard/server/node_modules 1 Project: /home/andyyu2004/programming/javascript/gift-wizard/server/tsconfig.json WatchType: Failed Lookup Locations
Info 95   [21:12:55.354] DirectoryWatcher:: Triggered with /home/andyyu2004/programming/javascript/gift-wizard/server/node_modules/fsevents :: WatchInfo: /home/andyyu2004/programming/javascript/gift-wizard/server 1 Project: /home/andyyu2004/programming/javascript/gift-wizard/server/tsconfig.json WatchType: Wild card directory
Info 96   [21:12:55.354] Elapsed:: 0ms DirectoryWatcher:: Triggered with /home/andyyu2004/programming/javascript/gift-wizard/server/node_modules/fsevents :: WatchInfo: /home/andyyu2004/programming/javascript/gift-wizard/server 1 Project: /home/andyyu2004/programming/javascript/gift-wizard/server/tsconfig.json WatchType: Wild card directory
Info 97   [21:12:55.354] DirectoryWatcher:: Triggered with /home/andyyu2004/programming/javascript/gift-wizard/server/node_modules/fsevents :: WatchInfo: /home/andyyu2004/programming/javascript/gift-wizard/server/node_modules 1 Project:  WatchType: node_modules for closed script infos in them
Info 98   [21:12:55.354] Elapsed:: 0ms DirectoryWatcher:: Triggered with /home/andyyu2004/programming/javascript/gift-wizard/server/node_modules/fsevents :: WatchInfo: /home/andyyu2004/programming/javascript/gift-wizard/server/node_modules 1 Project:  WatchType: node_modules for closed script infos in them
Info 99   [21:12:55.354] DirectoryWatcher:: Triggered with /home/andyyu2004/programming/javascript/gift-wizard/server/node_modules/fsevents :: WatchInfo: /home/andyyu2004/programming/javascript/gift-wizard/server/node_modules 1 Project: /home/andyyu2004/programming/javascript/gift-wizard/server/tsconfig.json WatchType: Failed Lookup Locations
Info 100  [21:12:55.371] Elapsed:: 17ms DirectoryWatcher:: Triggered with /home/andyyu2004/programming/javascript/gift-wizard/server/node_modules/fsevents :: WatchInfo: /home/andyyu2004/programming/javascript/gift-wizard/server/node_modules 1 Project: /home/andyyu2004/programming/javascript/gift-wizard/server/tsconfig.json WatchType: Failed Lookup Locations
Info 101  [21:12:55.382] DirectoryWatcher:: Triggered with /home/andyyu2004/programming/javascript/gift-wizard/server/node_modules/fsevents :: WatchInfo: /home/andyyu2004/programming/javascript/gift-wizard/server 1 Project: /home/andyyu2004/programming/javascript/gift-wizard/server/tsconfig.json WatchType: Wild card directory
Info 102  [21:12:55.383] Elapsed:: 0ms DirectoryWatcher:: Triggered with /home/andyyu2004/programming/javascript/gift-wizard/server/node_modules/fsevents :: WatchInfo: /home/andyyu2004/programming/javascript/gift-wizard/server 1 Project: /home/andyyu2004/programming/javascript/gift-wizard/server/tsconfig.json WatchType: Wild card directory
Info 103  [21:12:55.383] DirectoryWatcher:: Triggered with /home/andyyu2004/programming/javascript/gift-wizard/server/node_modules/fsevents :: WatchInfo: /home/andyyu2004/programming/javascript/gift-wizard/server/node_modules 1 Project:  WatchType: node_modules for closed script infos in them
Info 104  [21:12:55.383] Elapsed:: 0ms DirectoryWatcher:: Triggered with /home/andyyu2004/programming/javascript/gift-wizard/server/node_modules/fsevents :: WatchInfo: /home/andyyu2004/programming/javascript/gift-wizard/server/node_modules 1 Project:  WatchType: node_modules for closed script infos in them
Info 105  [21:12:55.383] DirectoryWatcher:: Triggered with /home/andyyu2004/programming/javascript/gift-wizard/server/node_modules/fsevents :: WatchInfo: /home/andyyu2004/programming/javascript/gift-wizard/server/node_modules 1 Project: /home/andyyu2004/programming/javascript/gift-wizard/server/tsconfig.json WatchType: Failed Lookup Locations
Info 106  [21:12:55.401] Elapsed:: 18ms DirectoryWatcher:: Triggered with /home/andyyu2004/programming/javascript/gift-wizard/server/node_modules/fsevents :: WatchInfo: /home/andyyu2004/programming/javascript/gift-wizard/server/node_modules 1 Project: /home/andyyu2004/programming/javascript/gift-wizard/server/tsconfig.json WatchType: Failed Lookup Locations
Info 107  [21:12:55.413] DirectoryWatcher:: Triggered with /home/andyyu2004/programming/javascript/gift-wizard/server/node_modules/fsevents :: WatchInfo: /home/andyyu2004/programming/javascript/gift-wizard/server 1 Project: /home/andyyu2004/programming/javascript/gift-wizard/server/tsconfig.json WatchType: Wild card directory
Info 108  [21:12:55.413] Elapsed:: 0ms DirectoryWatcher:: Triggered with /home/andyyu2004/programming/javascript/gift-wizard/server/node_modules/fsevents :: WatchInfo: /home/andyyu2004/programming/javascript/gift-wizard/server 1 Project: /home/andyyu2004/programming/javascript/gift-wizard/server/tsconfig.json WatchType: Wild card directory
Info 109  [21:12:55.413] DirectoryWatcher:: Triggered with /home/andyyu2004/programming/javascript/gift-wizard/server/node_modules/fsevents :: WatchInfo: /home/andyyu2004/programming/javascript/gift-wizard/server/node_modules 1 Project:  WatchType: node_modules for closed script infos in them
Info 110  [21:12:55.413] Elapsed:: 0ms DirectoryWatcher:: Triggered with /home/andyyu2004/programming/javascript/gift-wizard/server/node_modules/fsevents :: WatchInfo: /home/andyyu2004/programming/javascript/gift-wizard/server/node_modules 1 Project:  WatchType: node_modules for closed script infos in them
Info 111  [21:12:55.413] DirectoryWatcher:: Triggered with /home/andyyu2004/programming/javascript/gift-wizard/server/node_modules/fsevents :: WatchInfo: /home/andyyu2004/programming/javascript/gift-wizard/server/node_modules 1 Project: /home/andyyu2004/programming/javascript/gift-wizard/server/tsconfig.json WatchType: Failed Lookup Locations
Info 112  [21:12:55.437] Elapsed:: 24ms DirectoryWatcher:: Triggered with /home/andyyu2004/programming/javascript/gift-wizard/server/node_modules/fsevents :: WatchInfo: /home/andyyu2004/programming/javascript/gift-wizard/server/node_modules 1 Project: /home/andyyu2004/programming/javascript/gift-wizard/server/tsconfig.json WatchType: Failed Lookup Locations
Info 113  [21:12:55.447] DirectoryWatcher:: Triggered with /home/andyyu2004/programming/javascript/gift-wizard/server/node_modules/typescript :: WatchInfo: /home/andyyu2004/programming/javascript/gift-wizard/server 1 Project: /home/andyyu2004/programming/javascript/gift-wizard/server/tsconfig.json WatchType: Wild card directory
Info 114  [21:12:55.448] Elapsed:: 0ms DirectoryWatcher:: Triggered with /home/andyyu2004/programming/javascript/gift-wizard/server/node_modules/typescript :: WatchInfo: /home/andyyu2004/programming/javascript/gift-wizard/server 1 Project: /home/andyyu2004/programming/javascript/gift-wizard/server/tsconfig.json WatchType: Wild card directory
Info 115  [21:12:55.448] DirectoryWatcher:: Triggered with /home/andyyu2004/programming/javascript/gift-wizard/server/node_modules/typescript :: WatchInfo: /home/andyyu2004/programming/javascript/gift-wizard/server/node_modules 1 Project:  WatchType: node_modules for closed script infos in them
Info 116  [21:12:55.448] Elapsed:: 0ms DirectoryWatcher:: Triggered with /home/andyyu2004/programming/javascript/gift-wizard/server/node_modules/typescript :: WatchInfo: /home/andyyu2004/programming/javascript/gift-wizard/server/node_modules 1 Project:  WatchType: node_modules for closed script infos in them
Info 117  [21:12:55.448] DirectoryWatcher:: Triggered with /home/andyyu2004/programming/javascript/gift-wizard/server/node_modules/typescript :: WatchInfo: /home/andyyu2004/programming/javascript/gift-wizard/server/node_modules 1 Project: /home/andyyu2004/programming/javascript/gift-wizard/server/tsconfig.json WatchType: Failed Lookup Locations
Info 118  [21:12:55.464] Elapsed:: 16ms DirectoryWatcher:: Triggered with /home/andyyu2004/programming/javascript/gift-wizard/server/node_modules/typescript :: WatchInfo: /home/andyyu2004/programming/javascript/gift-wizard/server/node_modules 1 Project: /home/andyyu2004/programming/javascript/gift-wizard/server/tsconfig.json WatchType: Failed Lookup Locations
Info 119  [21:12:55.475] DirectoryWatcher:: Triggered with /home/andyyu2004/programming/javascript/gift-wizard/server/node_modules/fsevents :: WatchInfo: /home/andyyu2004/programming/javascript/gift-wizard/server 1 Project: /home/andyyu2004/programming/javascript/gift-wizard/server/tsconfig.json WatchType: Wild card directory
Info 120  [21:12:55.476] Elapsed:: 0ms DirectoryWatcher:: Triggered with /home/andyyu2004/programming/javascript/gift-wizard/server/node_modules/fsevents :: WatchInfo: /home/andyyu2004/programming/javascript/gift-wizard/server 1 Project: /home/andyyu2004/programming/javascript/gift-wizard/server/tsconfig.json WatchType: Wild card directory
Info 121  [21:12:55.476] DirectoryWatcher:: Triggered with /home/andyyu2004/programming/javascript/gift-wizard/server/node_modules/fsevents :: WatchInfo: /home/andyyu2004/programming/javascript/gift-wizard/server/node_modules 1 Project:  WatchType: node_modules for closed script infos in them
Info 122  [21:12:55.476] Elapsed:: 0ms DirectoryWatcher:: Triggered with /home/andyyu2004/programming/javascript/gift-wizard/server/node_modules/fsevents :: WatchInfo: /home/andyyu2004/programming/javascript/gift-wizard/server/node_modules 1 Project:  WatchType: node_modules for closed script infos in them
Info 123  [21:12:55.476] DirectoryWatcher:: Triggered with /home/andyyu2004/programming/javascript/gift-wizard/server/node_modules/fsevents :: WatchInfo: /home/andyyu2004/programming/javascript/gift-wizard/server/node_modules 1 Project: /home/andyyu2004/programming/javascript/gift-wizard/server/tsconfig.json WatchType: Failed Lookup Locations
Info 124  [21:12:55.493] Elapsed:: 17ms DirectoryWatcher:: Triggered with /home/andyyu2004/programming/javascript/gift-wizard/server/node_modules/fsevents :: WatchInfo: /home/andyyu2004/programming/javascript/gift-wizard/server/node_modules 1 Project: /home/andyyu2004/programming/javascript/gift-wizard/server/tsconfig.json WatchType: Failed Lookup Locations
Info 125  [21:12:55.728] Starting updateGraphWorker: Project: /home/andyyu2004/programming/javascript/gift-wizard/server/tsconfig.json
Info 126  [21:12:56.53] Finishing updateGraphWorker: Project: /home/andyyu2004/programming/javascript/gift-wizard/server/tsconfig.json Version: 2 structureChanged: false Elapsed: 325ms
Info 127  [21:12:56.53] Project '/home/andyyu2004/programming/javascript/gift-wizard/server/tsconfig.json' (Configured) 
Info 128  [21:12:56.53] 	Files (102)

Info 129  [21:12:56.53] -----------------------------------------------
Info 130  [21:12:56.53] Structure before ensureProjectForOpenFiles:
Info 131  [21:12:56.53] Structure after ensureProjectForOpenFiles:
Info 132  [21:12:56.53] got projects updated in background, updating diagnostics for /home/andyyu2004/programming/javascript/gift-wizard/server/server.ts
