[10:40:36.602] Global cache location '/home/andyyu2004/snap/emacs/common/.cache/typescript/3.7', safe file path '/home/andyyu2004/programming/javascript/gift-wizard/shared/node_modules/typescript/lib/typingSafeList.json', types map path /home/andyyu2004/programming/javascript/gift-wizard/shared/node_modules/typescript/lib/typesMap.json
[10:40:36.603] Processing cache location '/home/andyyu2004/snap/emacs/common/.cache/typescript/3.7'
[10:40:36.603] Trying to find '/home/andyyu2004/snap/emacs/common/.cache/typescript/3.7/package.json'...
[10:40:36.603] Loaded content of '/home/andyyu2004/snap/emacs/common/.cache/typescript/3.7/package.json': {"private":true,"dependencies":{"types-registry":"^0.1.467"},"devDependencies":{"@types/atob":"^2.1.2","@types/bcrypt":"^3.0.0","@types/body-parser":"^1.17.1","@types/bson":"^4.0.1","@types/bytes":"^3.1.0","@types/concurrently":"^4.1.0","@types/content-type":"^1.1.3","@types/cors":"^2.8.6","@types/debug":"^4.1.5","@types/depd":"^1.1.32","@types/express":"^4.17.2","@types/express-session":"^1.15.16","@types/http-errors":"^1.6.3","@types/jsonwebtoken":"^8.3.5","@types/merge-descriptors":"^1.0.1","@types/mongodb":"^3.3.11","@types/mongoose":"^5.5.32","@types/node":"^12.12.14","@types/nodemon":"^1.19.0","@types/qs":"^6.9.0","@types/serve-static":"^1.13.3","@types/sprintf":"^0.1.0","@types/type-is":"^1.6.3"}}
[10:40:36.603] Loaded content of '/home/andyyu2004/snap/emacs/common/.cache/typescript/3.7/package-lock.json'
[10:40:36.610] Adding entry into typings cache: 'atob' => '/home/andyyu2004/snap/emacs/common/.cache/typescript/3.7/node_modules/@types/atob/index.d.ts'
[10:40:36.612] Adding entry into typings cache: 'bcrypt' => '/home/andyyu2004/snap/emacs/common/.cache/typescript/3.7/node_modules/@types/bcrypt/index.d.ts'
[10:40:36.613] Adding entry into typings cache: 'body-parser' => '/home/andyyu2004/snap/emacs/common/.cache/typescript/3.7/node_modules/@types/body-parser/index.d.ts'
[10:40:36.615] Adding entry into typings cache: 'bson' => '/home/andyyu2004/snap/emacs/common/.cache/typescript/3.7/node_modules/@types/bson/index.d.ts'
[10:40:36.617] Adding entry into typings cache: 'bytes' => '/home/andyyu2004/snap/emacs/common/.cache/typescript/3.7/node_modules/@types/bytes/index.d.ts'
[10:40:36.619] Adding entry into typings cache: 'concurrently' => '/home/andyyu2004/snap/emacs/common/.cache/typescript/3.7/node_modules/@types/concurrently/index.d.ts'
[10:40:36.621] Adding entry into typings cache: 'content-type' => '/home/andyyu2004/snap/emacs/common/.cache/typescript/3.7/node_modules/@types/content-type/index.d.ts'
[10:40:36.622] Adding entry into typings cache: 'cors' => '/home/andyyu2004/snap/emacs/common/.cache/typescript/3.7/node_modules/@types/cors/index.d.ts'
[10:40:36.624] Adding entry into typings cache: 'debug' => '/home/andyyu2004/snap/emacs/common/.cache/typescript/3.7/node_modules/@types/debug/index.d.ts'
[10:40:36.626] Adding entry into typings cache: 'depd' => '/home/andyyu2004/snap/emacs/common/.cache/typescript/3.7/node_modules/@types/depd/index.d.ts'
[10:40:36.627] Adding entry into typings cache: 'express' => '/home/andyyu2004/snap/emacs/common/.cache/typescript/3.7/node_modules/@types/express/index.d.ts'
[10:40:36.629] Adding entry into typings cache: 'express-session' => '/home/andyyu2004/snap/emacs/common/.cache/typescript/3.7/node_modules/@types/express-session/index.d.ts'
[10:40:36.630] Adding entry into typings cache: 'http-errors' => '/home/andyyu2004/snap/emacs/common/.cache/typescript/3.7/node_modules/@types/http-errors/index.d.ts'
[10:40:36.631] Adding entry into typings cache: 'jsonwebtoken' => '/home/andyyu2004/snap/emacs/common/.cache/typescript/3.7/node_modules/@types/jsonwebtoken/index.d.ts'
[10:40:36.632] Adding entry into typings cache: 'merge-descriptors' => '/home/andyyu2004/snap/emacs/common/.cache/typescript/3.7/node_modules/@types/merge-descriptors/index.d.ts'
[10:40:36.634] Adding entry into typings cache: 'mongodb' => '/home/andyyu2004/snap/emacs/common/.cache/typescript/3.7/node_modules/@types/mongodb/index.d.ts'
[10:40:36.637] Adding entry into typings cache: 'mongoose' => '/home/andyyu2004/snap/emacs/common/.cache/typescript/3.7/node_modules/@types/mongoose/index.d.ts'
[10:40:36.641] Adding entry into typings cache: 'node' => '/home/andyyu2004/snap/emacs/common/.cache/typescript/3.7/node_modules/@types/node/ts3.2/index.d.ts'
[10:40:36.642] Adding entry into typings cache: 'nodemon' => '/home/andyyu2004/snap/emacs/common/.cache/typescript/3.7/node_modules/@types/nodemon/index.d.ts'
[10:40:36.643] Adding entry into typings cache: 'qs' => '/home/andyyu2004/snap/emacs/common/.cache/typescript/3.7/node_modules/@types/qs/index.d.ts'
[10:40:36.645] Adding entry into typings cache: 'serve-static' => '/home/andyyu2004/snap/emacs/common/.cache/typescript/3.7/node_modules/@types/serve-static/index.d.ts'
[10:40:36.646] Adding entry into typings cache: 'sprintf' => '/home/andyyu2004/snap/emacs/common/.cache/typescript/3.7/node_modules/@types/sprintf/index.d.ts'
[10:40:36.647] Adding entry into typings cache: 'type-is' => '/home/andyyu2004/snap/emacs/common/.cache/typescript/3.7/node_modules/@types/type-is/index.d.ts'
[10:40:36.647] Finished processing cache location '/home/andyyu2004/snap/emacs/common/.cache/typescript/3.7'
[10:40:36.647] Process id: 13330
[10:40:36.647] NPM location: /usr/bin/npm (explicit '--npmLocation' not  provided)
[10:40:36.647] validateDefaultNpmLocation: false
[10:40:36.647] Npm config file: /home/andyyu2004/snap/emacs/common/.cache/typescript/3.7/package.json
[10:40:36.647] Updating types-registry npm package...
[10:40:36.648] Exec: /usr/bin/npm install --ignore-scripts types-registry@latest
[10:40:38.214]     Succeeded. stdout:
    + types-registry@0.1.467
    updated 1 package and audited 84 packages in 1.254s
found 0 vulnerabilities


[10:40:38.214] Updated types-registry npm package
[10:41:45.767] Got install request {"projectName":"/dev/null/inferredProject1*","fileNames":[],"compilerOptions":{"target":1,"jsx":1,"allowNonTsExtensions":true,"allowJs":true,"noEmitForJsFiles":true},"typeAcquisition":{"enable":true,"include":[],"exclude":[]},"unresolvedImports":[],"projectRootPath":"/home/andyyu2004/programming/javascript/gift-wizard/shared/types","kind":"discover"}
[10:41:45.781] Loaded safelist from types map file '/home/andyyu2004/programming/javascript/gift-wizard/shared/node_modules/typescript/lib/typesMap.json'
[10:41:45.781] Explicitly included types: []
[10:41:45.782] Inferred typings from unresolved imports: []
[10:41:45.782] Result: {"cachedTypingPaths":[],"newTypingNames":[],"filesToWatch":["/home/andyyu2004/programming/javascript/gift-wizard/shared/types/bower_components","/home/andyyu2004/programming/javascript/gift-wizard/shared/types/node_modules"]}
[10:41:45.782] Finished typings discovery: {"cachedTypingPaths":[],"newTypingNames":[],"filesToWatch":["/home/andyyu2004/programming/javascript/gift-wizard/shared/types/bower_components","/home/andyyu2004/programming/javascript/gift-wizard/shared/types/node_modules"]}
[10:41:45.782] DirectoryWatcher:: Added:: WatchInfo: /home/andyyu2004/programming/javascript/gift-wizard/shared/types/bower_components
[10:41:45.783] DirectoryWatcher:: Added:: WatchInfo: /home/andyyu2004/programming/javascript/gift-wizard/shared/types/node_modules
[10:41:45.784] Sending response:
    {"projectName":"/dev/null/inferredProject1*","typeAcquisition":{"enable":true,"include":[],"exclude":[]},"compilerOptions":{"target":1,"jsx":1,"allowNonTsExtensions":true,"allowJs":true,"noEmitForJsFiles":true},"typings":[],"unresolvedImports":[],"kind":"action::set"}
[10:41:45.784] Response has been sent.
[10:41:45.784] No new typings were requested as a result of typings discovery
